
> @finetech/web@0.1.0 format C:\Users\ASUS\FineTech\apps\web
> prettier --check .

Checking formatting...
[[33mwarn[39m] .eslintrc.cjs
[[33mwarn[39m] .next/app-build-manifest.json
[[33mwarn[39m] .next/app-path-routes-manifest.json
[[33mwarn[39m] .next/build-manifest.json
[[33mwarn[39m] .next/cache/next-devtools-config.json
[[33mwarn[39m] .next/diagnostics/build-diagnostics.json
[[33mwarn[39m] .next/diagnostics/framework.json
[[33mwarn[39m] .next/export-marker.json
[[33mwarn[39m] .next/images-manifest.json
[[33mwarn[39m] .next/next-minimal-server.js.nft.json
[[33mwarn[39m] .next/next-server.js.nft.json
[[33mwarn[39m] .next/package.json
[[33mwarn[39m] .next/prerender-manifest.json
[[33mwarn[39m] .next/react-loadable-manifest.json
[[33mwarn[39m] .next/required-server-files.json
[[33mwarn[39m] .next/routes-manifest.json
[[33mwarn[39m] .next/server/app-paths-manifest.json
[[33mwarn[39m] .next/server/app/_not-found.html
[[33mwarn[39m] .next/server/app/_not-found/page_client-reference-manifest.js
[[33mwarn[39m] .next/server/app/_not-found/page.js
[[33mwarn[39m] .next/server/app/_not-found/page.js.nft.json
[[33mwarn[39m] .next/server/app/(app)/advisor/page_client-reference-manifest.js
[[33mwarn[39m] .next/server/app/(app)/advisor/page.js
[[33mwarn[39m] .next/server/app/(app)/advisor/page.js.nft.json
[[33mwarn[39m] .next/server/app/(app)/dashboard/page_client-reference-manifest.js
[[33mwarn[39m] .next/server/app/(app)/dashboard/page.js
[[33mwarn[39m] .next/server/app/(app)/dashboard/page.js.nft.json
[[33mwarn[39m] .next/server/app/(app)/learn/[courseId]/page_client-reference-manifest.js
[[33mwarn[39m] .next/server/app/(app)/learn/[courseId]/page.js
[[33mwarn[39m] .next/server/app/(app)/learn/[courseId]/page.js.nft.json
[[33mwarn[39m] .next/server/app/(app)/learn/lesson/[lessonId]/page_client-reference-manifest.js
[[33mwarn[39m] .next/server/app/(app)/learn/lesson/[lessonId]/page.js
[[33mwarn[39m] .next/server/app/(app)/learn/lesson/[lessonId]/page.js.nft.json
[[33mwarn[39m] .next/server/app/(app)/learn/page_client-reference-manifest.js
[[33mwarn[39m] .next/server/app/(app)/learn/page.js
[[33mwarn[39m] .next/server/app/(app)/learn/page.js.nft.json
[[33mwarn[39m] .next/server/app/(app)/learn/quiz/[quizId]/page_client-reference-manifest.js
[[33mwarn[39m] .next/server/app/(app)/learn/quiz/[quizId]/page.js
[[33mwarn[39m] .next/server/app/(app)/learn/quiz/[quizId]/page.js.nft.json
[[33mwarn[39m] .next/server/app/(app)/playground/page_client-reference-manifest.js
[[33mwarn[39m] .next/server/app/(app)/playground/page.js
[[33mwarn[39m] .next/server/app/(app)/playground/page.js.nft.json
[[33mwarn[39m] .next/server/app/(app)/portfolio/page_client-reference-manifest.js
[[33mwarn[39m] .next/server/app/(app)/portfolio/page.js
[[33mwarn[39m] .next/server/app/(app)/portfolio/page.js.nft.json
[[33mwarn[39m] .next/server/app/(marketing)/page_client-reference-manifest.js
[[33mwarn[39m] .next/server/app/(marketing)/page.js
[[33mwarn[39m] .next/server/app/(marketing)/page.js.nft.json
[[33mwarn[39m] .next/server/app/advisor.html
[[33mwarn[39m] .next/server/app/auth/login.html
[[33mwarn[39m] .next/server/app/auth/login/page_client-reference-manifest.js
[[33mwarn[39m] .next/server/app/auth/login/page.js
[[33mwarn[39m] .next/server/app/auth/login/page.js.nft.json
[[33mwarn[39m] .next/server/app/auth/signup.html
[[33mwarn[39m] .next/server/app/auth/signup/page_client-reference-manifest.js
[[33mwarn[39m] .next/server/app/auth/signup/page.js
[[33mwarn[39m] .next/server/app/auth/signup/page.js.nft.json
[[33mwarn[39m] .next/server/app/auth/siwe.html
[[33mwarn[39m] .next/server/app/auth/siwe/page_client-reference-manifest.js
[[33mwarn[39m] .next/server/app/auth/siwe/page.js
[[33mwarn[39m] .next/server/app/auth/siwe/page.js.nft.json
[[33mwarn[39m] .next/server/app/dashboard.html
[[33mwarn[39m] .next/server/app/index.html
[[33mwarn[39m] .next/server/app/learn.html
[[33mwarn[39m] .next/server/app/playground.html
[[33mwarn[39m] .next/server/app/portfolio.html
[[33mwarn[39m] .next/server/chunks/142.js
[[33mwarn[39m] .next/server/chunks/525.js
[[33mwarn[39m] .next/server/chunks/641.js
[[33mwarn[39m] .next/server/chunks/717.js
[[33mwarn[39m] .next/server/functions-config-manifest.json
[[33mwarn[39m] .next/server/interception-route-rewrite-manifest.js
[[33mwarn[39m] .next/server/middleware-build-manifest.js
[[33mwarn[39m] .next/server/middleware-manifest.json
[[33mwarn[39m] .next/server/middleware-react-loadable-manifest.js
[[33mwarn[39m] .next/server/next-font-manifest.js
[[33mwarn[39m] .next/server/next-font-manifest.json
[[33mwarn[39m] .next/server/pages-manifest.json
[[33mwarn[39m] .next/server/pages/_app.js
[[33mwarn[39m] .next/server/pages/_app.js.nft.json
[[33mwarn[39m] .next/server/pages/_document.js
[[33mwarn[39m] .next/server/pages/_document.js.nft.json
[[33mwarn[39m] .next/server/pages/_error.js
[[33mwarn[39m] .next/server/pages/_error.js.nft.json
[[33mwarn[39m] .next/server/pages/404.html
[[33mwarn[39m] .next/server/pages/500.html
[[33mwarn[39m] .next/server/server-reference-manifest.js
[[33mwarn[39m] .next/server/server-reference-manifest.json
[[33mwarn[39m] .next/server/webpack-runtime.js
[[33mwarn[39m] .next/static/chunks/195-a232400a392c50f8.js
[[33mwarn[39m] .next/static/chunks/2b318b70-db4e83a9edac0ad5.js
[[33mwarn[39m] .next/static/chunks/344-1736f3caf12833ba.js
[[33mwarn[39m] .next/static/chunks/401-22794b6110f7e6b1.js
[[33mwarn[39m] .next/static/chunks/5-1080908b6c8f33ec.js
[[33mwarn[39m] .next/static/chunks/533.184a5392dd018ee6.js
[[33mwarn[39m] .next/static/chunks/768.b599165e7df30336.js
[[33mwarn[39m] .next/static/chunks/81-f52bc15fb399a63c.js
[[33mwarn[39m] .next/static/chunks/app/_not-found/page-c14fb9528dc35b90.js
[[33mwarn[39m] .next/static/chunks/app/(app)/advisor/page-b623f81caa7f48ee.js
[[33mwarn[39m] .next/static/chunks/app/(app)/dashboard/page-2189fc8a619d2db9.js
[[33mwarn[39m] .next/static/chunks/app/(app)/learn/[courseId]/page-b7703de5c2185739.js
[[33mwarn[39m] .next/static/chunks/app/(app)/learn/lesson/[lessonId]/page-3b59d6aeb17100fe.js
[[33mwarn[39m] .next/static/chunks/app/(app)/learn/page-30a754f2c92257f1.js
[[33mwarn[39m] .next/static/chunks/app/(app)/learn/quiz/[quizId]/page-588705011c9d7233.js
[[33mwarn[39m] .next/static/chunks/app/(app)/playground/page-a086b7d9c3d73d6f.js
[[33mwarn[39m] .next/static/chunks/app/(app)/portfolio/page-d4676ce128766487.js
[[33mwarn[39m] .next/static/chunks/app/(marketing)/page-232567e776562cc1.js
[[33mwarn[39m] .next/static/chunks/app/auth/login/page-9be3914bbaf3c479.js
[[33mwarn[39m] .next/static/chunks/app/auth/signup/page-0a400e0c5bb401d9.js
[[33mwarn[39m] .next/static/chunks/app/auth/siwe/page-3b2414f5d250ca53.js
[[33mwarn[39m] .next/static/chunks/app/error-4c8bb1de3ec6f663.js
[[33mwarn[39m] .next/static/chunks/app/global-error-72d136096db579f9.js
[[33mwarn[39m] .next/static/chunks/app/layout-cc9b531c8bd289dd.js
[[33mwarn[39m] .next/static/chunks/app/not-found-3b59d6aeb17100fe.js
[[33mwarn[39m] .next/static/chunks/framework-83fc5d61be3738bf.js
[[33mwarn[39m] .next/static/chunks/main-2958015fd25452ed.js
[[33mwarn[39m] .next/static/chunks/main-app-4bf5d1e1de944e1f.js
[[33mwarn[39m] .next/static/chunks/pages/_app-ca5aa0abcb073c4c.js
[[33mwarn[39m] .next/static/chunks/pages/_error-db45866e7145623d.js
[[33mwarn[39m] .next/static/chunks/polyfills-42372ed130431b0a.js
[[33mwarn[39m] .next/static/chunks/webpack-77f11eb072b685fb.js
[[33mwarn[39m] .next/static/css/dca33ec7abf4de72.css
[[33mwarn[39m] .next/static/TpwqXMZfKRpvox2Q4YZVp/_buildManifest.js
[[33mwarn[39m] .next/static/TpwqXMZfKRpvox2Q4YZVp/_ssgManifest.js
[[33mwarn[39m] .next/types/app/(app)/advisor/page.ts
[[33mwarn[39m] .next/types/app/(app)/dashboard/page.ts
[[33mwarn[39m] .next/types/app/(app)/learn/[courseId]/page.ts
[[33mwarn[39m] .next/types/app/(app)/learn/lesson/[lessonId]/page.ts
[[33mwarn[39m] .next/types/app/(app)/learn/page.ts
[[33mwarn[39m] .next/types/app/(app)/learn/quiz/[quizId]/page.ts
[[33mwarn[39m] .next/types/app/(app)/playground/page.ts
[[33mwarn[39m] .next/types/app/(app)/portfolio/page.ts
[[33mwarn[39m] .next/types/app/(marketing)/page.ts
[[33mwarn[39m] .next/types/app/auth/login/page.ts
[[33mwarn[39m] .next/types/app/auth/signup/page.ts
[[33mwarn[39m] .next/types/app/auth/siwe/page.ts
[[33mwarn[39m] .next/types/cache-life.d.ts
[[33mwarn[39m] .next/types/package.json
[[33mwarn[39m] .next/types/routes.d.ts
[[33mwarn[39m] .next/types/validator.ts
[[33mwarn[39m] hooks/useMarketStream.ts
[[33mwarn[39m] next-env.d.ts
[[33mwarn[39m] postcss.config.mjs
[[33mwarn[39m] tailwind.config.ts
[[33mwarn[39m] tsconfig.json
[[33mwarn[39m] Code style issues found in 145 files. Run Prettier with --write to fix.
 ELIFECYCLE  Command failed with exit code 1.
